# JRE version: Java(TM) SE Runtime Environment (8.0_144-b01) (build 1.8.0_144-b01)
# Java VM: Java HotSpot(TM) 64-Bit Server VM (25.144-b01 mixed mode windows-amd64 compressed oops)
Heap:
 PSYoungGen      total 403968K, used 284855K [0x000000076b180000, 0x00000007abb00000, 0x00000007c0000000)
  eden space 230912K, 58% used [0x000000076b180000,0x0000000773625a68,0x0000000779300000)
  from space 173056K, 86% used [0x0000000779300000,0x0000000782488310,0x0000000783c00000)
  to   space 307712K, 0% used [0x0000000798e80000,0x0000000798e80000,0x00000007abb00000)
 ParOldGen       total 635392K, used 356509K [0x00000006c1400000, 0x00000006e8080000, 0x000000076b180000)
  object space 635392K, 56% used [0x00000006c1400000,0x00000006d70276b8,0x00000006e8080000)
 Metaspace       used 17435K, capacity 17612K, committed 18048K, reserved 1064960K
  class space    used 1822K, capacity 1890K, committed 1920K, reserved 1048576K
GC Heap History (10 events):
Event: 6.514 GC heap before
{Heap before GC invocations=6 (full 1):
 PSYoungGen      total 139264K, used 139264K [0x000000076b180000, 0x0000000774680000, 0x00000007c0000000)
  eden space 128512K, 100% used [0x000000076b180000,0x0000000772f00000,0x0000000772f00000)
  from space 10752K, 100% used [0x0000000773c00000,0x0000000774680000,0x0000000774680000)
  to   space 10752K, 0% used [0x0000000773180000,0x0000000773180000,0x0000000773c00000)
 ParOldGen       total 305664K, used 163960K [0x00000006c1400000, 0x00000006d3e80000, 0x000000076b180000)
  object space 305664K, 53% used [0x00000006c1400000,0x00000006cb41e388,0x00000006d3e80000)
 Metaspace       used 16916K, capacity 17114K, committed 17536K, reserved 1064960K
  class space    used 1773K, capacity 1855K, committed 1920K, reserved 1048576K
Event: 6.561 GC heap after
Heap after GC invocations=6 (full 1):
 PSYoungGen      total 141824K, used 10752K [0x000000076b180000, 0x000000078cf80000, 0x00000007c0000000)
  eden space 131072K, 0% used [0x000000076b180000,0x000000076b180000,0x0000000773180000)
  from space 10752K, 100% used [0x0000000773180000,0x0000000773c00000,0x0000000773c00000)
  to   space 151040K, 0% used [0x0000000783c00000,0x0000000783c00000,0x000000078cf80000)
 ParOldGen       total 305664K, used 293210K [0x00000006c1400000, 0x00000006d3e80000, 0x000000076b180000)
  object space 305664K, 95% used [0x00000006c1400000,0x00000006d32568f8,0x00000006d3e80000)
 Metaspace       used 16916K, capacity 17114K, committed 17536K, reserved 1064960K
  class space    used 1773K, capacity 1855K, committed 1920K, reserved 1048576K
}
Event: 6.561 GC heap before
{Heap before GC invocations=7 (full 2):
 PSYoungGen      total 141824K, used 10752K [0x000000076b180000, 0x000000078cf80000, 0x00000007c0000000)
  eden space 131072K, 0% used [0x000000076b180000,0x000000076b180000,0x0000000773180000)
  from space 10752K, 100% used [0x0000000773180000,0x0000000773c00000,0x0000000773c00000)
  to   space 151040K, 0% used [0x0000000783c00000,0x0000000783c00000,0x000000078cf80000)
 ParOldGen       total 305664K, used 293210K [0x00000006c1400000, 0x00000006d3e80000, 0x000000076b180000)
  object space 305664K, 95% used [0x00000006c1400000,0x00000006d32568f8,0x00000006d3e80000)
 Metaspace       used 16916K, capacity 17114K, committed 17536K, reserved 1064960K
  class space    used 1773K, capacity 1855K, committed 1920K, reserved 1048576K
Event: 6.617 GC heap after
Heap after GC invocations=7 (full 2):
 PSYoungGen      total 141824K, used 0K [0x000000076b180000, 0x000000078cf80000, 0x00000007c0000000)
  eden space 131072K, 0% used [0x000000076b180000,0x000000076b180000,0x0000000773180000)
  from space 10752K, 0% used [0x0000000773180000,0x0000000773180000,0x0000000773c00000)
  to   space 151040K, 0% used [0x0000000783c00000,0x0000000783c00000,0x000000078cf80000)
 ParOldGen       total 356864K, used 143765K [0x00000006c1400000, 0x00000006d7080000, 0x000000076b180000)
  object space 356864K, 40% used [0x00000006c1400000,0x00000006ca0657a8,0x00000006d7080000)
 Metaspace       used 16916K, capacity 17114K, committed 17536K, reserved 1064960K
  class space    used 1773K, capacity 1855K, committed 1920K, reserved 1048576K
}
Event: 6.646 GC heap before
{Heap before GC invocations=8 (full 2):
 PSYoungGen      total 141824K, used 131072K [0x000000076b180000, 0x000000078cf80000, 0x00000007c0000000)
  eden space 131072K, 100% used [0x000000076b180000,0x0000000773180000,0x0000000773180000)
  from space 10752K, 0% used [0x0000000773180000,0x0000000773180000,0x0000000773c00000)
  to   space 151040K, 0% used [0x0000000783c00000,0x0000000783c00000,0x000000078cf80000)
 ParOldGen       total 356864K, used 143765K [0x00000006c1400000, 0x00000006d7080000, 0x000000076b180000)
  object space 356864K, 40% used [0x00000006c1400000,0x00000006ca0657a8,0x00000006d7080000)
 Metaspace       used 16916K, capacity 17114K, committed 17536K, reserved 1064960K
  class space    used 1773K, capacity 1855K, committed 1920K, reserved 1048576K
Event: 6.685 GC heap after
Heap after GC invocations=8 (full 2):
 PSYoungGen      total 381952K, used 131968K [0x000000076b180000, 0x000000078fa80000, 0x00000007c0000000)
  eden space 230912K, 0% used [0x000000076b180000,0x000000076b180000,0x0000000779300000)
  from space 151040K, 87% used [0x0000000783c00000,0x000000078bce0000,0x000000078cf80000)
  to   space 173056K, 0% used [0x0000000779300000,0x0000000779300000,0x0000000783c00000)
 ParOldGen       total 356864K, used 143765K [0x00000006c1400000, 0x00000006d7080000, 0x000000076b180000)
  object space 356864K, 40% used [0x00000006c1400000,0x00000006ca0657a8,0x00000006d7080000)
 Metaspace       used 16916K, capacity 17114K, committed 17536K, reserved 1064960K
  class space    used 1773K, capacity 1855K, committed 1920K, reserved 1048576K
}
Event: 7.289 GC heap before
{Heap before GC invocations=9 (full 2):
 PSYoungGen      total 381952K, used 362880K [0x000000076b180000, 0x000000078fa80000, 0x00000007c0000000)
  eden space 230912K, 100% used [0x000000076b180000,0x0000000779300000,0x0000000779300000)
  from space 151040K, 87% used [0x0000000783c00000,0x000000078bce0000,0x000000078cf80000)
  to   space 173056K, 0% used [0x0000000779300000,0x0000000779300000,0x0000000783c00000)
 ParOldGen       total 356864K, used 143765K [0x00000006c1400000, 0x00000006d7080000, 0x000000076b180000)
  object space 356864K, 40% used [0x00000006c1400000,0x00000006ca0657a8,0x00000006d7080000)
 Metaspace       used 16918K, capacity 17114K, committed 17536K, reserved 1064960K
  class space    used 1773K, capacity 1855K, committed 1920K, reserved 1048576K
Event: 7.383 GC heap after
Heap after GC invocations=9 (full 2):
 PSYoungGen      total 403968K, used 173040K [0x000000076b180000, 0x00000007abb00000, 0x00000007c0000000)
  eden space 230912K, 0% used [0x000000076b180000,0x000000076b180000,0x0000000779300000)
  from space 173056K, 99% used [0x0000000779300000,0x0000000783bfc120,0x0000000783c00000)
  to   space 307712K, 0% used [0x0000000798e80000,0x0000000798e80000,0x00000007abb00000)
 ParOldGen       total 356864K, used 344532K [0x00000006c1400000, 0x00000006d7080000, 0x000000076b180000)
  object space 356864K, 96% used [0x00000006c1400000,0x00000006d6475378,0x00000006d7080000)
 Metaspace       used 16918K, capacity 17114K, committed 17536K, reserved 1064960K
  class space    used 1773K, capacity 1855K, committed 1920K, reserved 1048576K
}
Event: 7.383 GC heap before
{Heap before GC invocations=10 (full 3):
 PSYoungGen      total 403968K, used 173040K [0x000000076b180000, 0x00000007abb00000, 0x00000007c0000000)
  eden space 230912K, 0% used [0x000000076b180000,0x000000076b180000,0x0000000779300000)
  from space 173056K, 99% used [0x0000000779300000,0x0000000783bfc120,0x0000000783c00000)
  to   space 307712K, 0% used [0x0000000798e80000,0x0000000798e80000,0x00000007abb00000)
 ParOldGen       total 356864K, used 344532K [0x00000006c1400000, 0x00000006d7080000, 0x000000076b180000)
  object space 356864K, 96% used [0x00000006c1400000,0x00000006d6475378,0x00000006d7080000)
 Metaspace       used 16918K, capacity 17114K, committed 17536K, reserved 1064960K
  class space    used 1773K, capacity 1855K, committed 1920K, reserved 1048576K
Event: 7.597 GC heap after
Heap after GC invocations=10 (full 3):
 PSYoungGen      total 403968K, used 149024K [0x000000076b180000, 0x00000007abb00000, 0x00000007c0000000)
  eden space 230912K, 0% used [0x000000076b180000,0x000000076b180000,0x0000000779300000)
  from space 173056K, 86% used [0x0000000779300000,0x0000000782488310,0x0000000783c00000)
  to   space 307712K, 0% used [0x0000000798e80000,0x0000000798e80000,0x00000007abb00000)
 ParOldGen       total 635392K, used 356509K [0x00000006c1400000, 0x00000006e8080000, 0x000000076b180000)
  object space 635392K, 56% used [0x00000006c1400000,0x00000006d70276b8,0x00000006e8080000)
 Metaspace       used 16918K, capacity 17114K, committed 17536K, reserved 1064960K
  class space    used 1773K, capacity 1855K, committed 1920K, reserved 1048576K
}

