# JRE version: Java(TM) SE Runtime Environment (8.0_144-b01) (build 1.8.0_144-b01)
# Java VM: Java HotSpot(TM) 64-Bit Server VM (25.144-b01 mixed mode windows-amd64 compressed oops)
Heap:
 PSYoungGen      total 401408K, used 306006K [0x000000076b180000, 0x00000007ab180000, 0x00000007c0000000)
  eden space 226304K, 72% used [0x000000076b180000,0x00000007751a0ce0,0x0000000778e80000)
  from space 175104K, 81% used [0x0000000778e80000,0x0000000781934cd0,0x0000000783980000)
  to   space 307712K, 0% used [0x0000000798500000,0x0000000798500000,0x00000007ab180000)
 ParOldGen       total 636416K, used 357618K [0x00000006c1400000, 0x00000006e8180000, 0x000000076b180000)
  object space 636416K, 56% used [0x00000006c1400000,0x00000006d713c908,0x00000006e8180000)
 Metaspace       used 17966K, capacity 18172K, committed 18688K, reserved 1067008K
  class space    used 1841K, capacity 1924K, committed 2048K, reserved 1048576K
GC Heap History (10 events):
Event: 6.534 GC heap before
{Heap before GC invocations=6 (full 1):
 PSYoungGen      total 138240K, used 138240K [0x000000076b180000, 0x0000000774680000, 0x00000007c0000000)
  eden space 127488K, 100% used [0x000000076b180000,0x0000000772e00000,0x0000000772e00000)
  from space 10752K, 100% used [0x0000000773c00000,0x0000000774680000,0x0000000774680000)
  to   space 10752K, 0% used [0x0000000773180000,0x0000000773180000,0x0000000773c00000)
 ParOldGen       total 310272K, used 163688K [0x00000006c1400000, 0x00000006d4300000, 0x000000076b180000)
  object space 310272K, 52% used [0x00000006c1400000,0x00000006cb3da038,0x00000006d4300000)
 Metaspace       used 16916K, capacity 17114K, committed 17536K, reserved 1064960K
  class space    used 1771K, capacity 1855K, committed 1920K, reserved 1048576K
Event: 6.582 GC heap after
Heap after GC invocations=6 (full 1):
 PSYoungGen      total 141824K, used 10752K [0x000000076b180000, 0x000000078ce80000, 0x00000007c0000000)
  eden space 131072K, 0% used [0x000000076b180000,0x000000076b180000,0x0000000773180000)
  from space 10752K, 100% used [0x0000000773180000,0x0000000773c00000,0x0000000773c00000)
  to   space 152576K, 0% used [0x0000000783980000,0x0000000783980000,0x000000078ce80000)
 ParOldGen       total 310272K, used 291905K [0x00000006c1400000, 0x00000006d4300000, 0x000000076b180000)
  object space 310272K, 94% used [0x00000006c1400000,0x00000006d3110628,0x00000006d4300000)
 Metaspace       used 16916K, capacity 17114K, committed 17536K, reserved 1064960K
  class space    used 1771K, capacity 1855K, committed 1920K, reserved 1048576K
}
Event: 6.582 GC heap before
{Heap before GC invocations=7 (full 2):
 PSYoungGen      total 141824K, used 10752K [0x000000076b180000, 0x000000078ce80000, 0x00000007c0000000)
  eden space 131072K, 0% used [0x000000076b180000,0x000000076b180000,0x0000000773180000)
  from space 10752K, 100% used [0x0000000773180000,0x0000000773c00000,0x0000000773c00000)
  to   space 152576K, 0% used [0x0000000783980000,0x0000000783980000,0x000000078ce80000)
 ParOldGen       total 310272K, used 291905K [0x00000006c1400000, 0x00000006d4300000, 0x000000076b180000)
  object space 310272K, 94% used [0x00000006c1400000,0x00000006d3110628,0x00000006d4300000)
 Metaspace       used 16916K, capacity 17114K, committed 17536K, reserved 1064960K
  class space    used 1771K, capacity 1855K, committed 1920K, reserved 1048576K
Event: 6.635 GC heap after
Heap after GC invocations=7 (full 2):
 PSYoungGen      total 141824K, used 0K [0x000000076b180000, 0x000000078ce80000, 0x00000007c0000000)
  eden space 131072K, 0% used [0x000000076b180000,0x000000076b180000,0x0000000773180000)
  from space 10752K, 0% used [0x0000000773180000,0x0000000773180000,0x0000000773c00000)
  to   space 152576K, 0% used [0x0000000783980000,0x0000000783980000,0x000000078ce80000)
 ParOldGen       total 357888K, used 142406K [0x00000006c1400000, 0x00000006d7180000, 0x000000076b180000)
  object space 357888K, 39% used [0x00000006c1400000,0x00000006c9f11b48,0x00000006d7180000)
 Metaspace       used 16916K, capacity 17114K, committed 17536K, reserved 1064960K
  class space    used 1771K, capacity 1855K, committed 1920K, reserved 1048576K
}
Event: 6.664 GC heap before
{Heap before GC invocations=8 (full 2):
 PSYoungGen      total 141824K, used 131072K [0x000000076b180000, 0x000000078ce80000, 0x00000007c0000000)
  eden space 131072K, 100% used [0x000000076b180000,0x0000000773180000,0x0000000773180000)
  from space 10752K, 0% used [0x0000000773180000,0x0000000773180000,0x0000000773c00000)
  to   space 152576K, 0% used [0x0000000783980000,0x0000000783980000,0x000000078ce80000)
 ParOldGen       total 357888K, used 142406K [0x00000006c1400000, 0x00000006d7180000, 0x000000076b180000)
  object space 357888K, 39% used [0x00000006c1400000,0x00000006c9f11b48,0x00000006d7180000)
 Metaspace       used 16916K, capacity 17114K, committed 17536K, reserved 1064960K
  class space    used 1771K, capacity 1855K, committed 1920K, reserved 1048576K
Event: 6.702 GC heap after
Heap after GC invocations=8 (full 2):
 PSYoungGen      total 378880K, used 131968K [0x000000076b180000, 0x000000078fe00000, 0x00000007c0000000)
  eden space 226304K, 0% used [0x000000076b180000,0x000000076b180000,0x0000000778e80000)
  from space 152576K, 86% used [0x0000000783980000,0x000000078ba60000,0x000000078ce80000)
  to   space 175104K, 0% used [0x0000000778e80000,0x0000000778e80000,0x0000000783980000)
 ParOldGen       total 357888K, used 142406K [0x00000006c1400000, 0x00000006d7180000, 0x000000076b180000)
  object space 357888K, 39% used [0x00000006c1400000,0x00000006c9f11b48,0x00000006d7180000)
 Metaspace       used 16916K, capacity 17114K, committed 17536K, reserved 1064960K
  class space    used 1771K, capacity 1855K, committed 1920K, reserved 1048576K
}
Event: 7.284 GC heap before
{Heap before GC invocations=9 (full 2):
 PSYoungGen      total 378880K, used 358272K [0x000000076b180000, 0x000000078fe00000, 0x00000007c0000000)
  eden space 226304K, 100% used [0x000000076b180000,0x0000000778e80000,0x0000000778e80000)
  from space 152576K, 86% used [0x0000000783980000,0x000000078ba60000,0x000000078ce80000)
  to   space 175104K, 0% used [0x0000000778e80000,0x0000000778e80000,0x0000000783980000)
 ParOldGen       total 357888K, used 142406K [0x00000006c1400000, 0x00000006d7180000, 0x000000076b180000)
  object space 357888K, 39% used [0x00000006c1400000,0x00000006c9f11b48,0x00000006d7180000)
 Metaspace       used 16918K, capacity 17114K, committed 17536K, reserved 1064960K
  class space    used 1771K, capacity 1855K, committed 1920K, reserved 1048576K
Event: 7.382 GC heap after
Heap after GC invocations=9 (full 2):
 PSYoungGen      total 401408K, used 175072K [0x000000076b180000, 0x00000007ab180000, 0x00000007c0000000)
  eden space 226304K, 0% used [0x000000076b180000,0x000000076b180000,0x0000000778e80000)
  from space 175104K, 99% used [0x0000000778e80000,0x0000000783978240,0x0000000783980000)
  to   space 307712K, 0% used [0x0000000798500000,0x0000000798500000,0x00000007ab180000)
 ParOldGen       total 357888K, used 336203K [0x00000006c1400000, 0x00000006d7180000, 0x000000076b180000)
  object space 357888K, 93% used [0x00000006c1400000,0x00000006d5c52e88,0x00000006d7180000)
 Metaspace       used 16918K, capacity 17114K, committed 17536K, reserved 1064960K
  class space    used 1771K, capacity 1855K, committed 1920K, reserved 1048576K
}
Event: 7.382 GC heap before
{Heap before GC invocations=10 (full 3):
 PSYoungGen      total 401408K, used 175072K [0x000000076b180000, 0x00000007ab180000, 0x00000007c0000000)
  eden space 226304K, 0% used [0x000000076b180000,0x000000076b180000,0x0000000778e80000)
  from space 175104K, 99% used [0x0000000778e80000,0x0000000783978240,0x0000000783980000)
  to   space 307712K, 0% used [0x0000000798500000,0x0000000798500000,0x00000007ab180000)
 ParOldGen       total 357888K, used 336203K [0x00000006c1400000, 0x00000006d7180000, 0x000000076b180000)
  object space 357888K, 93% used [0x00000006c1400000,0x00000006d5c52e88,0x00000006d7180000)
 Metaspace       used 16918K, capacity 17114K, committed 17536K, reserved 1064960K
  class space    used 1771K, capacity 1855K, committed 1920K, reserved 1048576K
Event: 7.582 GC heap after
Heap after GC invocations=10 (full 3):
 PSYoungGen      total 401408K, used 142035K [0x000000076b180000, 0x00000007ab180000, 0x00000007c0000000)
  eden space 226304K, 0% used [0x000000076b180000,0x000000076b180000,0x0000000778e80000)
  from space 175104K, 81% used [0x0000000778e80000,0x0000000781934cd0,0x0000000783980000)
  to   space 307712K, 0% used [0x0000000798500000,0x0000000798500000,0x00000007ab180000)
 ParOldGen       total 636416K, used 357618K [0x00000006c1400000, 0x00000006e8180000, 0x000000076b180000)
  object space 636416K, 56% used [0x00000006c1400000,0x00000006d713c908,0x00000006e8180000)
 Metaspace       used 16918K, capacity 17114K, committed 17536K, reserved 1064960K
  class space    used 1771K, capacity 1855K, committed 1920K, reserved 1048576K
}

