# JRE version: Java(TM) SE Runtime Environment (8.0_144-b01) (build 1.8.0_144-b01)
# Java VM: Java HotSpot(TM) 64-Bit Server VM (25.144-b01 mixed mode windows-amd64 compressed oops)
Heap:
 PSYoungGen      total 403968K, used 312415K [0x000000076b180000, 0x00000007abb00000, 0x00000007c0000000)
  eden space 230912K, 70% used [0x000000076b180000,0x000000077507e0b8,0x0000000779300000)
  from space 173056K, 86% used [0x0000000779300000,0x0000000782519e90,0x0000000783c00000)
  to   space 307200K, 0% used [0x0000000798f00000,0x0000000798f00000,0x00000007abb00000)
 ParOldGen       total 633344K, used 355604K [0x00000006c1400000, 0x00000006e7e80000, 0x000000076b180000)
  object space 633344K, 56% used [0x00000006c1400000,0x00000006d6f45130,0x00000006e7e80000)
 Metaspace       used 17984K, capacity 18172K, committed 18688K, reserved 1067008K
  class space    used 1840K, capacity 1924K, committed 2048K, reserved 1048576K
GC Heap History (10 events):
Event: 6.322 GC heap before
{Heap before GC invocations=6 (full 1):
 PSYoungGen      total 139264K, used 139264K [0x000000076b180000, 0x0000000774680000, 0x00000007c0000000)
  eden space 128512K, 100% used [0x000000076b180000,0x0000000772f00000,0x0000000772f00000)
  from space 10752K, 100% used [0x0000000773c00000,0x0000000774680000,0x0000000774680000)
  to   space 10752K, 0% used [0x0000000773180000,0x0000000773180000,0x0000000773c00000)
 ParOldGen       total 305152K, used 163567K [0x00000006c1400000, 0x00000006d3e00000, 0x000000076b180000)
  object space 305152K, 53% used [0x00000006c1400000,0x00000006cb3bbda0,0x00000006d3e00000)
 Metaspace       used 16914K, capacity 17114K, committed 17536K, reserved 1064960K
  class space    used 1768K, capacity 1855K, committed 1920K, reserved 1048576K
Event: 6.369 GC heap after
Heap after GC invocations=6 (full 1):
 PSYoungGen      total 141824K, used 10752K [0x000000076b180000, 0x000000078cf80000, 0x00000007c0000000)
  eden space 131072K, 0% used [0x000000076b180000,0x000000076b180000,0x0000000773180000)
  from space 10752K, 100% used [0x0000000773180000,0x0000000773c00000,0x0000000773c00000)
  to   space 151040K, 0% used [0x0000000783c00000,0x0000000783c00000,0x000000078cf80000)
 ParOldGen       total 305152K, used 292812K [0x00000006c1400000, 0x00000006d3e00000, 0x000000076b180000)
  object space 305152K, 95% used [0x00000006c1400000,0x00000006d31f3280,0x00000006d3e00000)
 Metaspace       used 16914K, capacity 17114K, committed 17536K, reserved 1064960K
  class space    used 1768K, capacity 1855K, committed 1920K, reserved 1048576K
}
Event: 6.369 GC heap before
{Heap before GC invocations=7 (full 2):
 PSYoungGen      total 141824K, used 10752K [0x000000076b180000, 0x000000078cf80000, 0x00000007c0000000)
  eden space 131072K, 0% used [0x000000076b180000,0x000000076b180000,0x0000000773180000)
  from space 10752K, 100% used [0x0000000773180000,0x0000000773c00000,0x0000000773c00000)
  to   space 151040K, 0% used [0x0000000783c00000,0x0000000783c00000,0x000000078cf80000)
 ParOldGen       total 305152K, used 292812K [0x00000006c1400000, 0x00000006d3e00000, 0x000000076b180000)
  object space 305152K, 95% used [0x00000006c1400000,0x00000006d31f3280,0x00000006d3e00000)
 Metaspace       used 16914K, capacity 17114K, committed 17536K, reserved 1064960K
  class space    used 1768K, capacity 1855K, committed 1920K, reserved 1048576K
Event: 6.425 GC heap after
Heap after GC invocations=7 (full 2):
 PSYoungGen      total 141824K, used 0K [0x000000076b180000, 0x000000078cf80000, 0x00000007c0000000)
  eden space 131072K, 0% used [0x000000076b180000,0x000000076b180000,0x0000000773180000)
  from space 10752K, 0% used [0x0000000773180000,0x0000000773180000,0x0000000773c00000)
  to   space 151040K, 0% used [0x0000000783c00000,0x0000000783c00000,0x000000078cf80000)
 ParOldGen       total 355840K, used 143431K [0x00000006c1400000, 0x00000006d6f80000, 0x000000076b180000)
  object space 355840K, 40% used [0x00000006c1400000,0x00000006ca011dc0,0x00000006d6f80000)
 Metaspace       used 16914K, capacity 17114K, committed 17536K, reserved 1064960K
  class space    used 1768K, capacity 1855K, committed 1920K, reserved 1048576K
}
Event: 6.449 GC heap before
{Heap before GC invocations=8 (full 2):
 PSYoungGen      total 141824K, used 131072K [0x000000076b180000, 0x000000078cf80000, 0x00000007c0000000)
  eden space 131072K, 100% used [0x000000076b180000,0x0000000773180000,0x0000000773180000)
  from space 10752K, 0% used [0x0000000773180000,0x0000000773180000,0x0000000773c00000)
  to   space 151040K, 0% used [0x0000000783c00000,0x0000000783c00000,0x000000078cf80000)
 ParOldGen       total 355840K, used 143431K [0x00000006c1400000, 0x00000006d6f80000, 0x000000076b180000)
  object space 355840K, 40% used [0x00000006c1400000,0x00000006ca011dc0,0x00000006d6f80000)
 Metaspace       used 16914K, capacity 17114K, committed 17536K, reserved 1064960K
  class space    used 1768K, capacity 1855K, committed 1920K, reserved 1048576K
Event: 6.489 GC heap after
Heap after GC invocations=8 (full 2):
 PSYoungGen      total 381952K, used 131968K [0x000000076b180000, 0x000000078fb00000, 0x00000007c0000000)
  eden space 230912K, 0% used [0x000000076b180000,0x000000076b180000,0x0000000779300000)
  from space 151040K, 87% used [0x0000000783c00000,0x000000078bce0000,0x000000078cf80000)
  to   space 173056K, 0% used [0x0000000779300000,0x0000000779300000,0x0000000783c00000)
 ParOldGen       total 355840K, used 143431K [0x00000006c1400000, 0x00000006d6f80000, 0x000000076b180000)
  object space 355840K, 40% used [0x00000006c1400000,0x00000006ca011dc0,0x00000006d6f80000)
 Metaspace       used 16914K, capacity 17114K, committed 17536K, reserved 1064960K
  class space    used 1768K, capacity 1855K, committed 1920K, reserved 1048576K
}
Event: 7.083 GC heap before
{Heap before GC invocations=9 (full 2):
 PSYoungGen      total 381952K, used 362880K [0x000000076b180000, 0x000000078fb00000, 0x00000007c0000000)
  eden space 230912K, 100% used [0x000000076b180000,0x0000000779300000,0x0000000779300000)
  from space 151040K, 87% used [0x0000000783c00000,0x000000078bce0000,0x000000078cf80000)
  to   space 173056K, 0% used [0x0000000779300000,0x0000000779300000,0x0000000783c00000)
 ParOldGen       total 355840K, used 143431K [0x00000006c1400000, 0x00000006d6f80000, 0x000000076b180000)
  object space 355840K, 40% used [0x00000006c1400000,0x00000006ca011dc0,0x00000006d6f80000)
 Metaspace       used 16916K, capacity 17114K, committed 17536K, reserved 1064960K
  class space    used 1768K, capacity 1855K, committed 1920K, reserved 1048576K
Event: 7.179 GC heap after
Heap after GC invocations=9 (full 2):
 PSYoungGen      total 403968K, used 173056K [0x000000076b180000, 0x00000007abb00000, 0x00000007c0000000)
  eden space 230912K, 0% used [0x000000076b180000,0x000000076b180000,0x0000000779300000)
  from space 173056K, 100% used [0x0000000779300000,0x0000000783c00000,0x0000000783c00000)
  to   space 307200K, 0% used [0x0000000798f00000,0x0000000798f00000,0x00000007abb00000)
 ParOldGen       total 355840K, used 343107K [0x00000006c1400000, 0x00000006d6f80000, 0x000000076b180000)
  object space 355840K, 96% used [0x00000006c1400000,0x00000006d6310df0,0x00000006d6f80000)
 Metaspace       used 16916K, capacity 17114K, committed 17536K, reserved 1064960K
  class space    used 1768K, capacity 1855K, committed 1920K, reserved 1048576K
}
Event: 7.179 GC heap before
{Heap before GC invocations=10 (full 3):
 PSYoungGen      total 403968K, used 173056K [0x000000076b180000, 0x00000007abb00000, 0x00000007c0000000)
  eden space 230912K, 0% used [0x000000076b180000,0x000000076b180000,0x0000000779300000)
  from space 173056K, 100% used [0x0000000779300000,0x0000000783c00000,0x0000000783c00000)
  to   space 307200K, 0% used [0x0000000798f00000,0x0000000798f00000,0x00000007abb00000)
 ParOldGen       total 355840K, used 343107K [0x00000006c1400000, 0x00000006d6f80000, 0x000000076b180000)
  object space 355840K, 96% used [0x00000006c1400000,0x00000006d6310df0,0x00000006d6f80000)
 Metaspace       used 16916K, capacity 17114K, committed 17536K, reserved 1064960K
  class space    used 1768K, capacity 1855K, committed 1920K, reserved 1048576K
Event: 7.419 GC heap after
Heap after GC invocations=10 (full 3):
 PSYoungGen      total 403968K, used 149607K [0x000000076b180000, 0x00000007abb00000, 0x00000007c0000000)
  eden space 230912K, 0% used [0x000000076b180000,0x000000076b180000,0x0000000779300000)
  from space 173056K, 86% used [0x0000000779300000,0x0000000782519e90,0x0000000783c00000)
  to   space 307200K, 0% used [0x0000000798f00000,0x0000000798f00000,0x00000007abb00000)
 ParOldGen       total 633344K, used 355604K [0x00000006c1400000, 0x00000006e7e80000, 0x000000076b180000)
  object space 633344K, 56% used [0x00000006c1400000,0x00000006d6f45130,0x00000006e7e80000)
 Metaspace       used 16916K, capacity 17114K, committed 17536K, reserved 1064960K
  class space    used 1768K, capacity 1855K, committed 1920K, reserved 1048576K
}

