# JRE version: Java(TM) SE Runtime Environment (8.0_144-b01) (build 1.8.0_144-b01)
# Java VM: Java HotSpot(TM) 64-Bit Server VM (25.144-b01 mixed mode windows-amd64 compressed oops)
Heap:
 PSYoungGen      total 402944K, used 287038K [0x000000076b180000, 0x00000007ab600000, 0x00000007c0000000)
  eden space 229888K, 60% used [0x000000076b180000,0x000000077396b5d8,0x0000000779200000)
  from space 173056K, 85% used [0x0000000779200000,0x0000000782264440,0x0000000783b00000)
  to   space 306176K, 0% used [0x0000000798b00000,0x0000000798b00000,0x00000007ab600000)
 ParOldGen       total 633856K, used 356276K [0x00000006c1400000, 0x00000006e7f00000, 0x000000076b180000)
  object space 633856K, 56% used [0x00000006c1400000,0x00000006d6fed1f0,0x00000006e7f00000)
 Metaspace       used 17421K, capacity 17612K, committed 18048K, reserved 1064960K
  class space    used 1824K, capacity 1890K, committed 1920K, reserved 1048576K
GC Heap History (10 events):
Event: 6.314 GC heap before
{Heap before GC invocations=6 (full 1):
 PSYoungGen      total 139264K, used 139264K [0x000000076b180000, 0x0000000774680000, 0x00000007c0000000)
  eden space 128512K, 100% used [0x000000076b180000,0x0000000772f00000,0x0000000772f00000)
  from space 10752K, 100% used [0x0000000773c00000,0x0000000774680000,0x0000000774680000)
  to   space 10752K, 0% used [0x0000000773180000,0x0000000773180000,0x0000000773c00000)
 ParOldGen       total 304640K, used 163567K [0x00000006c1400000, 0x00000006d3d80000, 0x000000076b180000)
  object space 304640K, 53% used [0x00000006c1400000,0x00000006cb3bbee8,0x00000006d3d80000)
 Metaspace       used 16890K, capacity 17114K, committed 17536K, reserved 1064960K
  class space    used 1775K, capacity 1855K, committed 1920K, reserved 1048576K
Event: 6.360 GC heap after
Heap after GC invocations=6 (full 1):
 PSYoungGen      total 141824K, used 10752K [0x000000076b180000, 0x000000078ce00000, 0x00000007c0000000)
  eden space 131072K, 0% used [0x000000076b180000,0x000000076b180000,0x0000000773180000)
  from space 10752K, 100% used [0x0000000773180000,0x0000000773c00000,0x0000000773c00000)
  to   space 150528K, 0% used [0x0000000783b00000,0x0000000783b00000,0x000000078ce00000)
 ParOldGen       total 304640K, used 292809K [0x00000006c1400000, 0x00000006d3d80000, 0x000000076b180000)
  object space 304640K, 96% used [0x00000006c1400000,0x00000006d31f25f8,0x00000006d3d80000)
 Metaspace       used 16890K, capacity 17114K, committed 17536K, reserved 1064960K
  class space    used 1775K, capacity 1855K, committed 1920K, reserved 1048576K
}
Event: 6.360 GC heap before
{Heap before GC invocations=7 (full 2):
 PSYoungGen      total 141824K, used 10752K [0x000000076b180000, 0x000000078ce00000, 0x00000007c0000000)
  eden space 131072K, 0% used [0x000000076b180000,0x000000076b180000,0x0000000773180000)
  from space 10752K, 100% used [0x0000000773180000,0x0000000773c00000,0x0000000773c00000)
  to   space 150528K, 0% used [0x0000000783b00000,0x0000000783b00000,0x000000078ce00000)
 ParOldGen       total 304640K, used 292809K [0x00000006c1400000, 0x00000006d3d80000, 0x000000076b180000)
  object space 304640K, 96% used [0x00000006c1400000,0x00000006d31f25f8,0x00000006d3d80000)
 Metaspace       used 16890K, capacity 17114K, committed 17536K, reserved 1064960K
  class space    used 1775K, capacity 1855K, committed 1920K, reserved 1048576K
Event: 6.417 GC heap after
Heap after GC invocations=7 (full 2):
 PSYoungGen      total 141824K, used 0K [0x000000076b180000, 0x000000078ce00000, 0x00000007c0000000)
  eden space 131072K, 0% used [0x000000076b180000,0x000000076b180000,0x0000000773180000)
  from space 10752K, 0% used [0x0000000773180000,0x0000000773180000,0x0000000773c00000)
  to   space 150528K, 0% used [0x0000000783b00000,0x0000000783b00000,0x000000078ce00000)
 ParOldGen       total 356352K, used 143340K [0x00000006c1400000, 0x00000006d7000000, 0x000000076b180000)
  object space 356352K, 40% used [0x00000006c1400000,0x00000006c9ffb050,0x00000006d7000000)
 Metaspace       used 16890K, capacity 17114K, committed 17536K, reserved 1064960K
  class space    used 1775K, capacity 1855K, committed 1920K, reserved 1048576K
}
Event: 6.442 GC heap before
{Heap before GC invocations=8 (full 2):
 PSYoungGen      total 141824K, used 131072K [0x000000076b180000, 0x000000078ce00000, 0x00000007c0000000)
  eden space 131072K, 100% used [0x000000076b180000,0x0000000773180000,0x0000000773180000)
  from space 10752K, 0% used [0x0000000773180000,0x0000000773180000,0x0000000773c00000)
  to   space 150528K, 0% used [0x0000000783b00000,0x0000000783b00000,0x000000078ce00000)
 ParOldGen       total 356352K, used 143340K [0x00000006c1400000, 0x00000006d7000000, 0x000000076b180000)
  object space 356352K, 40% used [0x00000006c1400000,0x00000006c9ffb050,0x00000006d7000000)
 Metaspace       used 16890K, capacity 17114K, committed 17536K, reserved 1064960K
  class space    used 1775K, capacity 1855K, committed 1920K, reserved 1048576K
Event: 6.481 GC heap after
Heap after GC invocations=8 (full 2):
 PSYoungGen      total 380416K, used 131936K [0x000000076b180000, 0x000000078fa80000, 0x00000007c0000000)
  eden space 229888K, 0% used [0x000000076b180000,0x000000076b180000,0x0000000779200000)
  from space 150528K, 87% used [0x0000000783b00000,0x000000078bbd8000,0x000000078ce00000)
  to   space 173056K, 0% used [0x0000000779200000,0x0000000779200000,0x0000000783b00000)
 ParOldGen       total 356352K, used 143340K [0x00000006c1400000, 0x00000006d7000000, 0x000000076b180000)
  object space 356352K, 40% used [0x00000006c1400000,0x00000006c9ffb050,0x00000006d7000000)
 Metaspace       used 16890K, capacity 17114K, committed 17536K, reserved 1064960K
  class space    used 1775K, capacity 1855K, committed 1920K, reserved 1048576K
}
Event: 7.067 GC heap before
{Heap before GC invocations=9 (full 2):
 PSYoungGen      total 380416K, used 361824K [0x000000076b180000, 0x000000078fa80000, 0x00000007c0000000)
  eden space 229888K, 100% used [0x000000076b180000,0x0000000779200000,0x0000000779200000)
  from space 150528K, 87% used [0x0000000783b00000,0x000000078bbd8000,0x000000078ce00000)
  to   space 173056K, 0% used [0x0000000779200000,0x0000000779200000,0x0000000783b00000)
 ParOldGen       total 356352K, used 143340K [0x00000006c1400000, 0x00000006d7000000, 0x000000076b180000)
  object space 356352K, 40% used [0x00000006c1400000,0x00000006c9ffb050,0x00000006d7000000)
 Metaspace       used 16893K, capacity 17114K, committed 17536K, reserved 1064960K
  class space    used 1775K, capacity 1855K, committed 1920K, reserved 1048576K
Event: 7.162 GC heap after
Heap after GC invocations=9 (full 2):
 PSYoungGen      total 402944K, used 173056K [0x000000076b180000, 0x00000007ab600000, 0x00000007c0000000)
  eden space 229888K, 0% used [0x000000076b180000,0x000000076b180000,0x0000000779200000)
  from space 173056K, 100% used [0x0000000779200000,0x0000000783b00000,0x0000000783b00000)
  to   space 306176K, 0% used [0x0000000798b00000,0x0000000798b00000,0x00000007ab600000)
 ParOldGen       total 356352K, used 341083K [0x00000006c1400000, 0x00000006d7000000, 0x000000076b180000)
  object space 356352K, 95% used [0x00000006c1400000,0x00000006d6116f90,0x00000006d7000000)
 Metaspace       used 16893K, capacity 17114K, committed 17536K, reserved 1064960K
  class space    used 1775K, capacity 1855K, committed 1920K, reserved 1048576K
}
Event: 7.162 GC heap before
{Heap before GC invocations=10 (full 3):
 PSYoungGen      total 402944K, used 173056K [0x000000076b180000, 0x00000007ab600000, 0x00000007c0000000)
  eden space 229888K, 0% used [0x000000076b180000,0x000000076b180000,0x0000000779200000)
  from space 173056K, 100% used [0x0000000779200000,0x0000000783b00000,0x0000000783b00000)
  to   space 306176K, 0% used [0x0000000798b00000,0x0000000798b00000,0x00000007ab600000)
 ParOldGen       total 356352K, used 341083K [0x00000006c1400000, 0x00000006d7000000, 0x000000076b180000)
  object space 356352K, 95% used [0x00000006c1400000,0x00000006d6116f90,0x00000006d7000000)
 Metaspace       used 16893K, capacity 17114K, committed 17536K, reserved 1064960K
  class space    used 1775K, capacity 1855K, committed 1920K, reserved 1048576K
Event: 7.383 GC heap after
Heap after GC invocations=10 (full 3):
 PSYoungGen      total 402944K, used 147857K [0x000000076b180000, 0x00000007ab600000, 0x00000007c0000000)
  eden space 229888K, 0% used [0x000000076b180000,0x000000076b180000,0x0000000779200000)
  from space 173056K, 85% used [0x0000000779200000,0x0000000782264440,0x0000000783b00000)
  to   space 306176K, 0% used [0x0000000798b00000,0x0000000798b00000,0x00000007ab600000)
 ParOldGen       total 633856K, used 356276K [0x00000006c1400000, 0x00000006e7f00000, 0x000000076b180000)
  object space 633856K, 56% used [0x00000006c1400000,0x00000006d6fed1f0,0x00000006e7f00000)
 Metaspace       used 16893K, capacity 17114K, committed 17536K, reserved 1064960K
  class space    used 1775K, capacity 1855K, committed 1920K, reserved 1048576K
}

