# JRE version: Java(TM) SE Runtime Environment (8.0_144-b01) (build 1.8.0_144-b01)
# Java VM: Java HotSpot(TM) 64-Bit Server VM (25.144-b01 mixed mode windows-amd64 compressed oops)
Heap:
 PSYoungGen      total 411648K, used 260926K [0x000000076b180000, 0x00000007ad900000, 0x00000007c0000000)
  eden space 236544K, 45% used [0x000000076b180000,0x0000000771a327e8,0x0000000779880000)
  from space 175104K, 87% used [0x0000000779880000,0x0000000782e9d320,0x0000000784380000)
  to   space 315392K, 0% used [0x000000079a500000,0x000000079a500000,0x00000007ad900000)
 ParOldGen       total 357376K, used 357005K [0x00000006c1400000, 0x00000006d7100000, 0x000000076b180000)
  object space 357376K, 99% used [0x00000006c1400000,0x00000006d70a3410,0x00000006d7100000)
 Metaspace       used 17428K, capacity 17612K, committed 18048K, reserved 1064960K
  class space    used 1822K, capacity 1890K, committed 1920K, reserved 1048576K
GC Heap History (10 events):
Event: 15.732 GC heap before
{Heap before GC invocations=6 (full 1):
 PSYoungGen      total 140800K, used 140800K [0x000000076b180000, 0x0000000774680000, 0x00000007c0000000)
  eden space 130048K, 100% used [0x000000076b180000,0x0000000773080000,0x0000000773080000)
  from space 10752K, 100% used [0x0000000773c00000,0x0000000774680000,0x0000000774680000)
  to   space 10752K, 0% used [0x0000000773180000,0x0000000773180000,0x0000000773c00000)
 ParOldGen       total 306176K, used 163313K [0x00000006c1400000, 0x00000006d3f00000, 0x000000076b180000)
  object space 306176K, 53% used [0x00000006c1400000,0x00000006cb37c748,0x00000006d3f00000)
 Metaspace       used 16942K, capacity 17114K, committed 17536K, reserved 1064960K
  class space    used 1773K, capacity 1855K, committed 1920K, reserved 1048576K
Event: 15.835 GC heap after
Heap after GC invocations=6 (full 1):
 PSYoungGen      total 141824K, used 10752K [0x000000076b180000, 0x000000078d980000, 0x00000007c0000000)
  eden space 131072K, 0% used [0x000000076b180000,0x000000076b180000,0x0000000773180000)
  from space 10752K, 100% used [0x0000000773180000,0x0000000773c00000,0x0000000773c00000)
  to   space 153600K, 0% used [0x0000000784380000,0x0000000784380000,0x000000078d980000)
 ParOldGen       total 306176K, used 294138K [0x00000006c1400000, 0x00000006d3f00000, 0x000000076b180000)
  object space 306176K, 96% used [0x00000006c1400000,0x00000006d333e978,0x00000006d3f00000)
 Metaspace       used 16942K, capacity 17114K, committed 17536K, reserved 1064960K
  class space    used 1773K, capacity 1855K, committed 1920K, reserved 1048576K
}
Event: 15.835 GC heap before
{Heap before GC invocations=7 (full 2):
 PSYoungGen      total 141824K, used 10752K [0x000000076b180000, 0x000000078d980000, 0x00000007c0000000)
  eden space 131072K, 0% used [0x000000076b180000,0x000000076b180000,0x0000000773180000)
  from space 10752K, 100% used [0x0000000773180000,0x0000000773c00000,0x0000000773c00000)
  to   space 153600K, 0% used [0x0000000784380000,0x0000000784380000,0x000000078d980000)
 ParOldGen       total 306176K, used 294138K [0x00000006c1400000, 0x00000006d3f00000, 0x000000076b180000)
  object space 306176K, 96% used [0x00000006c1400000,0x00000006d333e978,0x00000006d3f00000)
 Metaspace       used 16942K, capacity 17114K, committed 17536K, reserved 1064960K
  class space    used 1773K, capacity 1855K, committed 1920K, reserved 1048576K
Event: 15.933 GC heap after
Heap after GC invocations=7 (full 2):
 PSYoungGen      total 141824K, used 0K [0x000000076b180000, 0x000000078d980000, 0x00000007c0000000)
  eden space 131072K, 0% used [0x000000076b180000,0x000000076b180000,0x0000000773180000)
  from space 10752K, 0% used [0x0000000773180000,0x0000000773180000,0x0000000773c00000)
  to   space 153600K, 0% used [0x0000000784380000,0x0000000784380000,0x000000078d980000)
 ParOldGen       total 357376K, used 143323K [0x00000006c1400000, 0x00000006d7100000, 0x000000076b180000)
  object space 357376K, 40% used [0x00000006c1400000,0x00000006c9ff6cc0,0x00000006d7100000)
 Metaspace       used 16942K, capacity 17114K, committed 17536K, reserved 1064960K
  class space    used 1773K, capacity 1855K, committed 1920K, reserved 1048576K
}
Event: 15.981 GC heap before
{Heap before GC invocations=8 (full 2):
 PSYoungGen      total 141824K, used 131072K [0x000000076b180000, 0x000000078d980000, 0x00000007c0000000)
  eden space 131072K, 100% used [0x000000076b180000,0x0000000773180000,0x0000000773180000)
  from space 10752K, 0% used [0x0000000773180000,0x0000000773180000,0x0000000773c00000)
  to   space 153600K, 0% used [0x0000000784380000,0x0000000784380000,0x000000078d980000)
 ParOldGen       total 357376K, used 143323K [0x00000006c1400000, 0x00000006d7100000, 0x000000076b180000)
  object space 357376K, 40% used [0x00000006c1400000,0x00000006c9ff6cc0,0x00000006d7100000)
 Metaspace       used 16942K, capacity 17114K, committed 17536K, reserved 1064960K
  class space    used 1773K, capacity 1855K, committed 1920K, reserved 1048576K
Event: 16.071 GC heap after
Heap after GC invocations=8 (full 2):
 PSYoungGen      total 390144K, used 131904K [0x000000076b180000, 0x0000000790000000, 0x00000007c0000000)
  eden space 236544K, 0% used [0x000000076b180000,0x000000076b180000,0x0000000779880000)
  from space 153600K, 85% used [0x0000000784380000,0x000000078c450000,0x000000078d980000)
  to   space 175104K, 0% used [0x0000000779880000,0x0000000779880000,0x0000000784380000)
 ParOldGen       total 357376K, used 143323K [0x00000006c1400000, 0x00000006d7100000, 0x000000076b180000)
  object space 357376K, 40% used [0x00000006c1400000,0x00000006c9ff6cc0,0x00000006d7100000)
 Metaspace       used 16942K, capacity 17114K, committed 17536K, reserved 1064960K
  class space    used 1773K, capacity 1855K, committed 1920K, reserved 1048576K
}
Event: 17.465 GC heap before
{Heap before GC invocations=9 (full 2):
 PSYoungGen      total 390144K, used 368448K [0x000000076b180000, 0x0000000790000000, 0x00000007c0000000)
  eden space 236544K, 100% used [0x000000076b180000,0x0000000779880000,0x0000000779880000)
  from space 153600K, 85% used [0x0000000784380000,0x000000078c450000,0x000000078d980000)
  to   space 175104K, 0% used [0x0000000779880000,0x0000000779880000,0x0000000784380000)
 ParOldGen       total 357376K, used 143323K [0x00000006c1400000, 0x00000006d7100000, 0x000000076b180000)
  object space 357376K, 40% used [0x00000006c1400000,0x00000006c9ff6cc0,0x00000006d7100000)
 Metaspace       used 16944K, capacity 17114K, committed 17536K, reserved 1064960K
  class space    used 1773K, capacity 1855K, committed 1920K, reserved 1048576K
Event: 17.930 GC heap after
Heap after GC invocations=9 (full 2):
 PSYoungGen      total 411648K, used 175072K [0x000000076b180000, 0x00000007ad900000, 0x00000007c0000000)
  eden space 236544K, 0% used [0x000000076b180000,0x000000076b180000,0x0000000779880000)
  from space 175104K, 99% used [0x0000000779880000,0x0000000784378240,0x0000000784380000)
  to   space 315392K, 0% used [0x000000079a500000,0x000000079a500000,0x00000007ad900000)
 ParOldGen       total 357376K, used 354536K [0x00000006c1400000, 0x00000006d7100000, 0x000000076b180000)
  object space 357376K, 99% used [0x00000006c1400000,0x00000006d6e3a060,0x00000006d7100000)
 Metaspace       used 16944K, capacity 17114K, committed 17536K, reserved 1064960K
  class space    used 1773K, capacity 1855K, committed 1920K, reserved 1048576K
}
Event: 17.931 GC heap before
{Heap before GC invocations=10 (full 3):
 PSYoungGen      total 411648K, used 175072K [0x000000076b180000, 0x00000007ad900000, 0x00000007c0000000)
  eden space 236544K, 0% used [0x000000076b180000,0x000000076b180000,0x0000000779880000)
  from space 175104K, 99% used [0x0000000779880000,0x0000000784378240,0x0000000784380000)
  to   space 315392K, 0% used [0x000000079a500000,0x000000079a500000,0x00000007ad900000)
 ParOldGen       total 357376K, used 354536K [0x00000006c1400000, 0x00000006d7100000, 0x000000076b180000)
  object space 357376K, 99% used [0x00000006c1400000,0x00000006d6e3a060,0x00000006d7100000)
 Metaspace       used 16944K, capacity 17114K, committed 17536K, reserved 1064960K
  class space    used 1773K, capacity 1855K, committed 1920K, reserved 1048576K
Event: 18.501 GC heap after
Heap after GC invocations=10 (full 3):
 PSYoungGen      total 411648K, used 153716K [0x000000076b180000, 0x00000007ad900000, 0x00000007c0000000)
  eden space 236544K, 0% used [0x000000076b180000,0x000000076b180000,0x0000000779880000)
  from space 175104K, 87% used [0x0000000779880000,0x0000000782e9d320,0x0000000784380000)
  to   space 315392K, 0% used [0x000000079a500000,0x000000079a500000,0x00000007ad900000)
 ParOldGen       total 357376K, used 357005K [0x00000006c1400000, 0x00000006d7100000, 0x000000076b180000)
  object space 357376K, 99% used [0x00000006c1400000,0x00000006d70a3410,0x00000006d7100000)
 Metaspace       used 16944K, capacity 17114K, committed 17536K, reserved 1064960K
  class space    used 1773K, capacity 1855K, committed 1920K, reserved 1048576K
}

