# JRE version: Java(TM) SE Runtime Environment (8.0_144-b01) (build 1.8.0_144-b01)
# Java VM: Java HotSpot(TM) 64-Bit Server VM (25.144-b01 mixed mode windows-amd64 compressed oops)
Heap:
 PSYoungGen      total 406016K, used 304681K [0x000000076b180000, 0x00000007ac900000, 0x00000007c0000000)
  eden space 230912K, 68% used [0x000000076b180000,0x0000000774c1f890,0x0000000779300000)
  from space 175104K, 83% used [0x0000000779300000,0x00000007821eabc0,0x0000000783e00000)
  to   space 314368K, 0% used [0x0000000799600000,0x0000000799600000,0x00000007ac900000)
 ParOldGen       total 643584K, used 358865K [0x00000006c1400000, 0x00000006e8880000, 0x000000076b180000)
  object space 643584K, 55% used [0x00000006c1400000,0x00000006d7274578,0x00000006e8880000)
 Metaspace       used 17991K, capacity 18172K, committed 18688K, reserved 1067008K
  class space    used 1840K, capacity 1924K, committed 2048K, reserved 1048576K
GC Heap History (10 events):
Event: 6.471 GC heap before
{Heap before GC invocations=6 (full 1):
 PSYoungGen      total 139264K, used 139264K [0x000000076b180000, 0x0000000774680000, 0x00000007c0000000)
  eden space 128512K, 100% used [0x000000076b180000,0x0000000772f00000,0x0000000772f00000)
  from space 10752K, 100% used [0x0000000773c00000,0x0000000774680000,0x0000000774680000)
  to   space 10752K, 0% used [0x0000000773180000,0x0000000773180000,0x0000000773c00000)
 ParOldGen       total 309760K, used 164050K [0x00000006c1400000, 0x00000006d4280000, 0x000000076b180000)
  object space 309760K, 52% used [0x00000006c1400000,0x00000006cb434880,0x00000006d4280000)
 Metaspace       used 16918K, capacity 17114K, committed 17536K, reserved 1064960K
  class space    used 1768K, capacity 1855K, committed 1920K, reserved 1048576K
Event: 6.517 GC heap after
Heap after GC invocations=6 (full 1):
 PSYoungGen      total 141824K, used 10752K [0x000000076b180000, 0x000000078d400000, 0x00000007c0000000)
  eden space 131072K, 0% used [0x000000076b180000,0x000000076b180000,0x0000000773180000)
  from space 10752K, 100% used [0x0000000773180000,0x0000000773c00000,0x0000000773c00000)
  to   space 153600K, 0% used [0x0000000783e00000,0x0000000783e00000,0x000000078d400000)
 ParOldGen       total 309760K, used 293299K [0x00000006c1400000, 0x00000006d4280000, 0x000000076b180000)
  object space 309760K, 94% used [0x00000006c1400000,0x00000006d326ceb0,0x00000006d4280000)
 Metaspace       used 16918K, capacity 17114K, committed 17536K, reserved 1064960K
  class space    used 1768K, capacity 1855K, committed 1920K, reserved 1048576K
}
Event: 6.517 GC heap before
{Heap before GC invocations=7 (full 2):
 PSYoungGen      total 141824K, used 10752K [0x000000076b180000, 0x000000078d400000, 0x00000007c0000000)
  eden space 131072K, 0% used [0x000000076b180000,0x000000076b180000,0x0000000773180000)
  from space 10752K, 100% used [0x0000000773180000,0x0000000773c00000,0x0000000773c00000)
  to   space 153600K, 0% used [0x0000000783e00000,0x0000000783e00000,0x000000078d400000)
 ParOldGen       total 309760K, used 293299K [0x00000006c1400000, 0x00000006d4280000, 0x000000076b180000)
  object space 309760K, 94% used [0x00000006c1400000,0x00000006d326ceb0,0x00000006d4280000)
 Metaspace       used 16918K, capacity 17114K, committed 17536K, reserved 1064960K
  class space    used 1768K, capacity 1855K, committed 1920K, reserved 1048576K
Event: 6.568 GC heap after
Heap after GC invocations=7 (full 2):
 PSYoungGen      total 141824K, used 0K [0x000000076b180000, 0x000000078d400000, 0x00000007c0000000)
  eden space 131072K, 0% used [0x000000076b180000,0x000000076b180000,0x0000000773180000)
  from space 10752K, 0% used [0x0000000773180000,0x0000000773180000,0x0000000773c00000)
  to   space 153600K, 0% used [0x0000000783e00000,0x0000000783e00000,0x000000078d400000)
 ParOldGen       total 358912K, used 143472K [0x00000006c1400000, 0x00000006d7280000, 0x000000076b180000)
  object space 358912K, 39% used [0x00000006c1400000,0x00000006ca01c200,0x00000006d7280000)
 Metaspace       used 16918K, capacity 17114K, committed 17536K, reserved 1064960K
  class space    used 1768K, capacity 1855K, committed 1920K, reserved 1048576K
}
Event: 6.591 GC heap before
{Heap before GC invocations=8 (full 2):
 PSYoungGen      total 141824K, used 131072K [0x000000076b180000, 0x000000078d400000, 0x00000007c0000000)
  eden space 131072K, 100% used [0x000000076b180000,0x0000000773180000,0x0000000773180000)
  from space 10752K, 0% used [0x0000000773180000,0x0000000773180000,0x0000000773c00000)
  to   space 153600K, 0% used [0x0000000783e00000,0x0000000783e00000,0x000000078d400000)
 ParOldGen       total 358912K, used 143472K [0x00000006c1400000, 0x00000006d7280000, 0x000000076b180000)
  object space 358912K, 39% used [0x00000006c1400000,0x00000006ca01c200,0x00000006d7280000)
 Metaspace       used 16918K, capacity 17114K, committed 17536K, reserved 1064960K
  class space    used 1768K, capacity 1855K, committed 1920K, reserved 1048576K
Event: 6.634 GC heap after
Heap after GC invocations=8 (full 2):
 PSYoungGen      total 384512K, used 132000K [0x000000076b180000, 0x000000078ff00000, 0x00000007c0000000)
  eden space 230912K, 0% used [0x000000076b180000,0x000000076b180000,0x0000000779300000)
  from space 153600K, 85% used [0x0000000783e00000,0x000000078bee8000,0x000000078d400000)
  to   space 175104K, 0% used [0x0000000779300000,0x0000000779300000,0x0000000783e00000)
 ParOldGen       total 358912K, used 143472K [0x00000006c1400000, 0x00000006d7280000, 0x000000076b180000)
  object space 358912K, 39% used [0x00000006c1400000,0x00000006ca01c200,0x00000006d7280000)
 Metaspace       used 16918K, capacity 17114K, committed 17536K, reserved 1064960K
  class space    used 1768K, capacity 1855K, committed 1920K, reserved 1048576K
}
Event: 7.231 GC heap before
{Heap before GC invocations=9 (full 2):
 PSYoungGen      total 384512K, used 362912K [0x000000076b180000, 0x000000078ff00000, 0x00000007c0000000)
  eden space 230912K, 100% used [0x000000076b180000,0x0000000779300000,0x0000000779300000)
  from space 153600K, 85% used [0x0000000783e00000,0x000000078bee8000,0x000000078d400000)
  to   space 175104K, 0% used [0x0000000779300000,0x0000000779300000,0x0000000783e00000)
 ParOldGen       total 358912K, used 143472K [0x00000006c1400000, 0x00000006d7280000, 0x000000076b180000)
  object space 358912K, 39% used [0x00000006c1400000,0x00000006ca01c200,0x00000006d7280000)
 Metaspace       used 16920K, capacity 17114K, committed 17536K, reserved 1064960K
  class space    used 1768K, capacity 1855K, committed 1920K, reserved 1048576K
Event: 7.328 GC heap after
Heap after GC invocations=9 (full 2):
 PSYoungGen      total 406016K, used 175072K [0x000000076b180000, 0x00000007ac900000, 0x00000007c0000000)
  eden space 230912K, 0% used [0x000000076b180000,0x000000076b180000,0x0000000779300000)
  from space 175104K, 99% used [0x0000000779300000,0x0000000783df8240,0x0000000783e00000)
  to   space 314368K, 0% used [0x0000000799600000,0x0000000799600000,0x00000007ac900000)
 ParOldGen       total 358912K, used 353321K [0x00000006c1400000, 0x00000006d7280000, 0x000000076b180000)
  object space 358912K, 98% used [0x00000006c1400000,0x00000006d6d0a6c0,0x00000006d7280000)
 Metaspace       used 16920K, capacity 17114K, committed 17536K, reserved 1064960K
  class space    used 1768K, capacity 1855K, committed 1920K, reserved 1048576K
}
Event: 7.328 GC heap before
{Heap before GC invocations=10 (full 3):
 PSYoungGen      total 406016K, used 175072K [0x000000076b180000, 0x00000007ac900000, 0x00000007c0000000)
  eden space 230912K, 0% used [0x000000076b180000,0x000000076b180000,0x0000000779300000)
  from space 175104K, 99% used [0x0000000779300000,0x0000000783df8240,0x0000000783e00000)
  to   space 314368K, 0% used [0x0000000799600000,0x0000000799600000,0x00000007ac900000)
 ParOldGen       total 358912K, used 353321K [0x00000006c1400000, 0x00000006d7280000, 0x000000076b180000)
  object space 358912K, 98% used [0x00000006c1400000,0x00000006d6d0a6c0,0x00000006d7280000)
 Metaspace       used 16920K, capacity 17114K, committed 17536K, reserved 1064960K
  class space    used 1768K, capacity 1855K, committed 1920K, reserved 1048576K
Event: 7.546 GC heap after
Heap after GC invocations=10 (full 3):
 PSYoungGen      total 406016K, used 146346K [0x000000076b180000, 0x00000007ac900000, 0x00000007c0000000)
  eden space 230912K, 0% used [0x000000076b180000,0x000000076b180000,0x0000000779300000)
  from space 175104K, 83% used [0x0000000779300000,0x00000007821eabc0,0x0000000783e00000)
  to   space 314368K, 0% used [0x0000000799600000,0x0000000799600000,0x00000007ac900000)
 ParOldGen       total 643584K, used 358865K [0x00000006c1400000, 0x00000006e8880000, 0x000000076b180000)
  object space 643584K, 55% used [0x00000006c1400000,0x00000006d7274578,0x00000006e8880000)
 Metaspace       used 16920K, capacity 17114K, committed 17536K, reserved 1064960K
  class space    used 1768K, capacity 1855K, committed 1920K, reserved 1048576K
}

