# JRE version: Java(TM) SE Runtime Environment (8.0_144-b01) (build 1.8.0_144-b01)
# Java VM: Java HotSpot(TM) 64-Bit Server VM (25.144-b01 mixed mode windows-amd64 compressed oops)
Heap:
 PSYoungGen      total 407040K, used 309172K [0x000000076b180000, 0x00000007abe80000, 0x00000007c0000000)
  eden space 232448K, 69% used [0x000000076b180000,0x0000000774fe57b8,0x0000000779480000)
  from space 174592K, 84% used [0x0000000779480000,0x00000007824079d0,0x0000000783f00000)
  to   space 308224K, 0% used [0x0000000799180000,0x0000000799180000,0x00000007abe80000)
 ParOldGen       total 637440K, used 358156K [0x00000006c1400000, 0x00000006e8280000, 0x000000076b180000)
  object space 637440K, 56% used [0x00000006c1400000,0x00000006d71c3378,0x00000006e8280000)
 Metaspace       used 17967K, capacity 18172K, committed 18688K, reserved 1067008K
  class space    used 1840K, capacity 1924K, committed 2048K, reserved 1048576K
GC Heap History (10 events):
Event: 6.500 GC heap before
{Heap before GC invocations=6 (full 1):
 PSYoungGen      total 139776K, used 139776K [0x000000076b180000, 0x0000000774680000, 0x00000007c0000000)
  eden space 129024K, 100% used [0x000000076b180000,0x0000000772f80000,0x0000000772f80000)
  from space 10752K, 100% used [0x0000000773c00000,0x0000000774680000,0x0000000774680000)
  to   space 10752K, 0% used [0x0000000773180000,0x0000000773180000,0x0000000773c00000)
 ParOldGen       total 307200K, used 162955K [0x00000006c1400000, 0x00000006d4000000, 0x000000076b180000)
  object space 307200K, 53% used [0x00000006c1400000,0x00000006cb322f38,0x00000006d4000000)
 Metaspace       used 16936K, capacity 17114K, committed 17536K, reserved 1064960K
  class space    used 1768K, capacity 1855K, committed 1920K, reserved 1048576K
Event: 6.546 GC heap after
Heap after GC invocations=6 (full 1):
 PSYoungGen      total 141824K, used 10752K [0x000000076b180000, 0x000000078d480000, 0x00000007c0000000)
  eden space 131072K, 0% used [0x000000076b180000,0x000000076b180000,0x0000000773180000)
  from space 10752K, 100% used [0x0000000773180000,0x0000000773c00000,0x0000000773c00000)
  to   space 153088K, 0% used [0x0000000783f00000,0x0000000783f00000,0x000000078d480000)
 ParOldGen       total 307200K, used 292709K [0x00000006c1400000, 0x00000006d4000000, 0x000000076b180000)
  object space 307200K, 95% used [0x00000006c1400000,0x00000006d31d95c8,0x00000006d4000000)
 Metaspace       used 16936K, capacity 17114K, committed 17536K, reserved 1064960K
  class space    used 1768K, capacity 1855K, committed 1920K, reserved 1048576K
}
Event: 6.546 GC heap before
{Heap before GC invocations=7 (full 2):
 PSYoungGen      total 141824K, used 10752K [0x000000076b180000, 0x000000078d480000, 0x00000007c0000000)
  eden space 131072K, 0% used [0x000000076b180000,0x000000076b180000,0x0000000773180000)
  from space 10752K, 100% used [0x0000000773180000,0x0000000773c00000,0x0000000773c00000)
  to   space 153088K, 0% used [0x0000000783f00000,0x0000000783f00000,0x000000078d480000)
 ParOldGen       total 307200K, used 292709K [0x00000006c1400000, 0x00000006d4000000, 0x000000076b180000)
  object space 307200K, 95% used [0x00000006c1400000,0x00000006d31d95c8,0x00000006d4000000)
 Metaspace       used 16936K, capacity 17114K, committed 17536K, reserved 1064960K
  class space    used 1768K, capacity 1855K, committed 1920K, reserved 1048576K
Event: 6.604 GC heap after
Heap after GC invocations=7 (full 2):
 PSYoungGen      total 141824K, used 0K [0x000000076b180000, 0x000000078d480000, 0x00000007c0000000)
  eden space 131072K, 0% used [0x000000076b180000,0x000000076b180000,0x0000000773180000)
  from space 10752K, 0% used [0x0000000773180000,0x0000000773180000,0x0000000773c00000)
  to   space 153088K, 0% used [0x0000000783f00000,0x0000000783f00000,0x000000078d480000)
 ParOldGen       total 358400K, used 143320K [0x00000006c1400000, 0x00000006d7200000, 0x000000076b180000)
  object space 358400K, 39% used [0x00000006c1400000,0x00000006c9ff6150,0x00000006d7200000)
 Metaspace       used 16936K, capacity 17114K, committed 17536K, reserved 1064960K
  class space    used 1768K, capacity 1855K, committed 1920K, reserved 1048576K
}
Event: 6.631 GC heap before
{Heap before GC invocations=8 (full 2):
 PSYoungGen      total 141824K, used 131072K [0x000000076b180000, 0x000000078d480000, 0x00000007c0000000)
  eden space 131072K, 100% used [0x000000076b180000,0x0000000773180000,0x0000000773180000)
  from space 10752K, 0% used [0x0000000773180000,0x0000000773180000,0x0000000773c00000)
  to   space 153088K, 0% used [0x0000000783f00000,0x0000000783f00000,0x000000078d480000)
 ParOldGen       total 358400K, used 143320K [0x00000006c1400000, 0x00000006d7200000, 0x000000076b180000)
  object space 358400K, 39% used [0x00000006c1400000,0x00000006c9ff6150,0x00000006d7200000)
 Metaspace       used 16936K, capacity 17114K, committed 17536K, reserved 1064960K
  class space    used 1768K, capacity 1855K, committed 1920K, reserved 1048576K
Event: 6.672 GC heap after
Heap after GC invocations=8 (full 2):
 PSYoungGen      total 385536K, used 131904K [0x000000076b180000, 0x000000078fd80000, 0x00000007c0000000)
  eden space 232448K, 0% used [0x000000076b180000,0x000000076b180000,0x0000000779480000)
  from space 153088K, 86% used [0x0000000783f00000,0x000000078bfd0000,0x000000078d480000)
  to   space 174592K, 0% used [0x0000000779480000,0x0000000779480000,0x0000000783f00000)
 ParOldGen       total 358400K, used 143320K [0x00000006c1400000, 0x00000006d7200000, 0x000000076b180000)
  object space 358400K, 39% used [0x00000006c1400000,0x00000006c9ff6150,0x00000006d7200000)
 Metaspace       used 16936K, capacity 17114K, committed 17536K, reserved 1064960K
  class space    used 1768K, capacity 1855K, committed 1920K, reserved 1048576K
}
Event: 7.284 GC heap before
{Heap before GC invocations=9 (full 2):
 PSYoungGen      total 385536K, used 364352K [0x000000076b180000, 0x000000078fd80000, 0x00000007c0000000)
  eden space 232448K, 100% used [0x000000076b180000,0x0000000779480000,0x0000000779480000)
  from space 153088K, 86% used [0x0000000783f00000,0x000000078bfd0000,0x000000078d480000)
  to   space 174592K, 0% used [0x0000000779480000,0x0000000779480000,0x0000000783f00000)
 ParOldGen       total 358400K, used 143320K [0x00000006c1400000, 0x00000006d7200000, 0x000000076b180000)
  object space 358400K, 39% used [0x00000006c1400000,0x00000006c9ff6150,0x00000006d7200000)
 Metaspace       used 16949K, capacity 17114K, committed 17536K, reserved 1064960K
  class space    used 1768K, capacity 1855K, committed 1920K, reserved 1048576K
Event: 7.382 GC heap after
Heap after GC invocations=9 (full 2):
 PSYoungGen      total 407040K, used 174592K [0x000000076b180000, 0x00000007abe80000, 0x00000007c0000000)
  eden space 232448K, 0% used [0x000000076b180000,0x000000076b180000,0x0000000779480000)
  from space 174592K, 100% used [0x0000000779480000,0x0000000783f00000,0x0000000783f00000)
  to   space 308224K, 0% used [0x0000000799180000,0x0000000799180000,0x00000007abe80000)
 ParOldGen       total 358400K, used 341853K [0x00000006c1400000, 0x00000006d7200000, 0x000000076b180000)
  object space 358400K, 95% used [0x00000006c1400000,0x00000006d61d7760,0x00000006d7200000)
 Metaspace       used 16949K, capacity 17114K, committed 17536K, reserved 1064960K
  class space    used 1768K, capacity 1855K, committed 1920K, reserved 1048576K
}
Event: 7.382 GC heap before
{Heap before GC invocations=10 (full 3):
 PSYoungGen      total 407040K, used 174592K [0x000000076b180000, 0x00000007abe80000, 0x00000007c0000000)
  eden space 232448K, 0% used [0x000000076b180000,0x000000076b180000,0x0000000779480000)
  from space 174592K, 100% used [0x0000000779480000,0x0000000783f00000,0x0000000783f00000)
  to   space 308224K, 0% used [0x0000000799180000,0x0000000799180000,0x00000007abe80000)
 ParOldGen       total 358400K, used 341853K [0x00000006c1400000, 0x00000006d7200000, 0x000000076b180000)
  object space 358400K, 95% used [0x00000006c1400000,0x00000006d61d7760,0x00000006d7200000)
 Metaspace       used 16949K, capacity 17114K, committed 17536K, reserved 1064960K
  class space    used 1768K, capacity 1855K, committed 1920K, reserved 1048576K
Event: 7.599 GC heap after
Heap after GC invocations=10 (full 3):
 PSYoungGen      total 407040K, used 146974K [0x000000076b180000, 0x00000007abe80000, 0x00000007c0000000)
  eden space 232448K, 0% used [0x000000076b180000,0x000000076b180000,0x0000000779480000)
  from space 174592K, 84% used [0x0000000779480000,0x00000007824079d0,0x0000000783f00000)
  to   space 308224K, 0% used [0x0000000799180000,0x0000000799180000,0x00000007abe80000)
 ParOldGen       total 637440K, used 358156K [0x00000006c1400000, 0x00000006e8280000, 0x000000076b180000)
  object space 637440K, 56% used [0x00000006c1400000,0x00000006d71c3378,0x00000006e8280000)
 Metaspace       used 16949K, capacity 17114K, committed 17536K, reserved 1064960K
  class space    used 1768K, capacity 1855K, committed 1920K, reserved 1048576K
}

